<?xml version="1.0" encoding="UTF-8"?>
<testsuite name="tests.languages.c.antlrParsers.moduleParser.OtherTests" tests="3" skipped="0" failures="0" errors="0" timestamp="2018-06-20T13:26:43" hostname="roberto-UNIX" time="0.001">
  <properties/>
  <testcase name="testOperatorOverloading" classname="tests.languages.c.antlrParsers.moduleParser.OtherTests" time="0.001"/>
  <testcase name="testNestedFunctionName" classname="tests.languages.c.antlrParsers.moduleParser.OtherTests" time="0.0"/>
  <testcase name="testExceptionSpecificationCpp" classname="tests.languages.c.antlrParsers.moduleParser.OtherTests" time="0.0"/>
  <system-out><![CDATA[]]></system-out>
  <system-err><![CDATA[]]></system-err>
</testsuite>
