<?xml version="1.0" encoding="UTF-8"?>
<testsuite name="tests.languages.c.antlrParsers.functionParser.FunctionParserTest" tests="3" skipped="0" failures="0" errors="0" timestamp="2018-06-20T13:26:43" hostname="roberto-UNIX" time="0.012">
  <properties/>
  <testcase name="testIf" classname="tests.languages.c.antlrParsers.functionParser.FunctionParserTest" time="0.003"/>
  <testcase name="testStructInFunc" classname="tests.languages.c.antlrParsers.functionParser.FunctionParserTest" time="0.001"/>
  <testcase name="testSizeofStruct" classname="tests.languages.c.antlrParsers.functionParser.FunctionParserTest" time="0.008"/>
  <system-out><![CDATA[]]></system-out>
  <system-err><![CDATA[]]></system-err>
</testsuite>
