<?xml version="1.0" encoding="UTF-8"?>
<testsuite name="tests.languages.c.cfgCreation.AssignmentTests" tests="3" skipped="0" failures="0" errors="0" timestamp="2018-06-20T13:26:43" hostname="roberto-UNIX" time="0.005">
  <properties/>
  <testcase name="testAssignmentInDecl" classname="tests.languages.c.cfgCreation.AssignmentTests" time="0.001"/>
  <testcase name="testSingleAssignmentBlockNumber" classname="tests.languages.c.cfgCreation.AssignmentTests" time="0.001"/>
  <testcase name="testAssignmentASTLink" classname="tests.languages.c.cfgCreation.AssignmentTests" time="0.002"/>
  <system-out><![CDATA[]]></system-out>
  <system-err><![CDATA[]]></system-err>
</testsuite>
