<?xml version="1.0" encoding="UTF-8"?>
<testsuite name="tests.languages.c.parseTreeToAST.DoWhileTests" tests="5" skipped="0" failures="0" errors="0" timestamp="2018-06-20T13:26:43" hostname="roberto-UNIX" time="0.039">
  <properties/>
  <testcase name="testWhileInDoWhile" classname="tests.languages.c.parseTreeToAST.DoWhileTests" time="0.015"/>
  <testcase name="testDoWhileInIf" classname="tests.languages.c.parseTreeToAST.DoWhileTests" time="0.006"/>
  <testcase name="testIfElseInDoWhile" classname="tests.languages.c.parseTreeToAST.DoWhileTests" time="0.007"/>
  <testcase name="testDoWhile" classname="tests.languages.c.parseTreeToAST.DoWhileTests" time="0.004"/>
  <testcase name="testNestedDoWhile" classname="tests.languages.c.parseTreeToAST.DoWhileTests" time="0.005"/>
  <system-out><![CDATA[]]></system-out>
  <system-err><![CDATA[]]></system-err>
</testsuite>
